<?xml version="1.0" encoding="UTF-8" ?>
<testsuite errors="1" failures="0" hostname="migly-ThinkPad-X230" name="rescuecore2.connection.ConnectionManagerTest" skipped="0" tests="1" time="0.0" timestamp="2018-10-26T18:48:22">
  <properties>
    <property name="java.vendor" value="Oracle Corporation" />
    <property name="checkstyle.failure" value="Got 1142 errors and 0 warnings." />
    <property name="lib.dir" value="/home/migly/git/RRM_server/lib" />
    <property name="sun.java.launcher" value="SUN_STANDARD" />
    <property name="sun.management.compiler" value="HotSpot 64-Bit Tiered Compilers" />
    <property name="checkstyle.version" value="all-5.0-beta2" />
    <property name="os.name" value="Linux" />
    <property name="cobertura.home" value="/home/migly/git/RRM_server/build-tools/cobertura-1.9.2" />
    <property name="sun.boot.class.path" value="/usr/lib/jvm/java-8-oracle/jre/lib/resources.jar:/usr/lib/jvm/java-8-oracle/jre/lib/rt.jar:/usr/lib/jvm/java-8-oracle/jre/lib/sunrsasign.jar:/usr/lib/jvm/java-8-oracle/jre/lib/jsse.jar:/usr/lib/jvm/java-8-oracle/jre/lib/jce.jar:/usr/lib/jvm/java-8-oracle/jre/lib/charsets.jar:/usr/lib/jvm/java-8-oracle/jre/lib/jfr.jar:/usr/lib/jvm/java-8-oracle/jre/classes" />
    <property name="traffic3.compiled" value="true" />
    <property name="findbugs.home" value="/home/migly/git/RRM_server/build-tools/findbugs-1.3.8" />
    <property name="supplement.dir" value="/home/migly/git/RRM_server/supplement" />
    <property name="editor.gmlmap" value="" />
    <property name="sun.desktop" value="gnome" />
    <property name="collapse.compiled" value="true" />
    <property name="java.vm.specification.vendor" value="Oracle Corporation" />
    <property name="osm2gml.gmlmap" value="../maps/gml/southampton/map.gml" />
    <property name="net.sourceforge.cobertura.datafile" value="/home/migly/git/RRM_server/build/cobertura-results/cobertura.ser" />
    <property name="ant.home" value="/usr/share/ant" />
    <property name="jar.dir" value="/home/migly/git/RRM_server/jars" />
    <property name="java.runtime.version" value="1.8.0_191-b12" />
    <property name="tests.basedir" value="/home/migly/git/RRM_server/modules/rescuecore2/test" />
    <property name="ant.file.type.Robocup rescue simulation software" value="file" />
    <property name="clear.compiled" value="true" />
    <property name="user.name" value="migly" />
    <property name="cobertura.output.dir" value="/home/migly/git/RRM_server/build/cobertura-results" />
    <property name="log4j.configuration" value="log4j.test.properties" />
    <property name="debug" value="true" />
    <property name="misc.compiled" value="true" />
    <property name="build.dir" value="/home/migly/git/RRM_server/build" />
    <property name="cobertura.coveragefile" value="/home/migly/git/RRM_server/build/cobertura-results/cobertura.ser" />
    <property name="cobertura.output.format" value="html" />
    <property name="user.language" value="ja" />
    <property name="sun.boot.library.path" value="/usr/lib/jvm/java-8-oracle/jre/lib/amd64" />
    <property name="osm2gml.osmmap" value="../maps/osm/southampton.osm" />
    <property name="ant.project.default-target" value="complete-build" />
    <property name="ant.project.name" value="Robocup rescue simulation software" />
    <property name="java.version" value="1.8.0_191" />
    <property name="version" value="1.2" />
    <property name="user.timezone" value="" />
    <property name="sun.arch.data.model" value="64" />
    <property name="findbugs.version" value="1.3.8" />
    <property name="resq-fire.compiled" value="true" />
    <property name="java.endorsed.dirs" value="/usr/lib/jvm/java-8-oracle/jre/lib/endorsed" />
    <property name="sun.cpu.isalist" value="" />
    <property name="modules.sample.depend" value="rescuecore2,standard,kernel" />
    <property name="sun.jnu.encoding" value="UTF-8" />
    <property name="file.encoding.pkg" value="sun.io" />
    <property name="file.separator" value="/" />
    <property name="java.specification.name" value="Java Platform API Specification" />
    <property name="rescuecore2.compiled" value="true" />
    <property name="kernel.startup.config" value="-c config/kernel-inline.cfg" />
    <property name="java.class.version" value="52.0" />
    <property name="user.country" value="JP" />
    <property name="java.home" value="/usr/lib/jvm/java-8-oracle/jre" />
    <property name="java.vm.info" value="mixed mode" />
    <property name="checkstyle.output.dir" value="/home/migly/git/RRM_server/build/checkstyle-results" />
    <property name="ant.file" value="/home/migly/git/RRM_server/build.xml" />
    <property name="os.version" value="4.4.0-138-generic" />
    <property name="modules.rescuecore2.depend" value="" />
    <property name="modules.standard.depend" value="rescuecore2,kernel" />
    <property name="modules.dir" value="/home/migly/git/RRM_server/modules" />
    <property name="ignition.compiled" value="true" />
    <property name="path.separator" value=":" />
    <property name="java.vm.version" value="25.191-b12" />
    <property name="ant.file.Robocup rescue simulation software" value="/home/migly/git/RRM_server/build.xml" />
    <property name="ant.library.dir" value="/usr/share/ant/lib" />
    <property name="javac.flags" value="-Xlint:unchecked,deprecation" />
    <property name="findbugs.output.format" value="html" />
    <property name="junit.output.dir" value="/home/migly/git/RRM_server/build/junit-results" />
    <property name="java.awt.printerjob" value="sun.print.PSPrinterJob" />
    <property name="antcontrib.dir" value="/home/migly/git/RRM_server/build-tools/ant-contrib" />
    <property name="sun.io.unicode.encoding" value="UnicodeLittle" />
    <property name="modules.traffic3.depend" value="rescuecore2,standard" />
    <property name="awt.toolkit" value="sun.awt.X11.XToolkit" />
    <property name="standard.compiled" value="true" />
    <property name="kernel.compiled" value="true" />
    <property name="user.home" value="/home/migly" />
    <property name="java.specification.vendor" value="Oracle Corporation" />
    <property name="java.library.path" value="/home/migly/catkin_darknet/devel/lib:/home/migly/catkin_ws/devel/lib:/opt/ros/kinetic/lib:/opt/ros/kinetic/lib/x86_64-linux-gnu:/usr/java/packages/lib/amd64:/usr/lib64:/lib64:/lib:/usr/lib" />
    <property name="java.vendor.url" value="http://java.oracle.com/" />
    <property name="maps.compiled" value="true" />
    <property name="java.vm.vendor" value="Oracle Corporation" />
    <property name="buildtools.dir" value="/home/migly/git/RRM_server/build-tools" />
    <property name="java.runtime.name" value="Java(TM) SE Runtime Environment" />
    <property name="java.class.path" value="/home/migly/git/RRM_server/build/jars-instrumented/clear.jar:/home/migly/git/RRM_server/build/jars-instrumented/collapse.jar:/home/migly/git/RRM_server/build/jars-instrumented/gis2.jar:/home/migly/git/RRM_server/build/jars-instrumented/handy.jar:/home/migly/git/RRM_server/build/jars-instrumented/human.jar:/home/migly/git/RRM_server/build/jars-instrumented/ignition.jar:/home/migly/git/RRM_server/build/jars-instrumented/kernel.jar:/home/migly/git/RRM_server/build/jars-instrumented/maps.jar:/home/migly/git/RRM_server/build/jars-instrumented/misc.jar:/home/migly/git/RRM_server/build/jars-instrumented/rescuecore2.jar:/home/migly/git/RRM_server/build/jars-instrumented/resq-fire.jar:/home/migly/git/RRM_server/build/jars-instrumented/sample.jar:/home/migly/git/RRM_server/build/jars-instrumented/standard.jar:/home/migly/git/RRM_server/build/jars-instrumented/traffic3.jar:/home/migly/git/RRM_server/build-tools/cobertura-1.9.2/cobertura.jar:/home/migly/git/RRM_server/build-tools/cobertura-1.9.2/lib/asm-3.0.jar:/home/migly/git/RRM_server/build-tools/cobertura-1.9.2/lib/asm-tree-3.0.jar:/home/migly/git/RRM_server/build-tools/cobertura-1.9.2/lib/jakarta-oro-2.0.8.jar:/home/migly/git/RRM_server/build-tools/cobertura-1.9.2/lib/log4j-1.2.15.jar:/home/migly/git/RRM_server/supplement:/home/migly/git/RRM_server/jars/clear.jar:/home/migly/git/RRM_server/jars/collapse.jar:/home/migly/git/RRM_server/jars/gis2.jar:/home/migly/git/RRM_server/jars/handy.jar:/home/migly/git/RRM_server/jars/human.jar:/home/migly/git/RRM_server/jars/ignition.jar:/home/migly/git/RRM_server/jars/kernel.jar:/home/migly/git/RRM_server/jars/maps.jar:/home/migly/git/RRM_server/jars/misc.jar:/home/migly/git/RRM_server/jars/rescuecore2.jar:/home/migly/git/RRM_server/jars/resq-fire.jar:/home/migly/git/RRM_server/jars/sample.jar:/home/migly/git/RRM_server/jars/standard.jar:/home/migly/git/RRM_server/jars/traffic3.jar:/home/migly/git/RRM_server/lib/commons-logging-1.1.1.jar:/home/migly/git/RRM_server/lib/dom4j.jar:/home/migly/git/RRM_server/lib/jaxen-1.1.1.jar:/home/migly/git/RRM_server/lib/jcommon-1.0.16.jar:/home/migly/git/RRM_server/lib/jfreechart-1.0.13.jar:/home/migly/git/RRM_server/lib/jscience-4.3.jar:/home/migly/git/RRM_server/lib/jsi-1.0b2p1.jar:/home/migly/git/RRM_server/lib/jts-1.11.jar:/home/migly/git/RRM_server/lib/junit-4.5.jar:/home/migly/git/RRM_server/lib/log4j-1.2.15.jar:/home/migly/git/RRM_server/lib/rescuecore.jar:/home/migly/git/RRM_server/lib/resq-fire.jar:/home/migly/git/RRM_server/lib/trove-0.1.8.jar:/home/migly/git/RRM_server/lib/uncommons-maths-1.2.jar:/home/migly/git/RRM_server/lib/xml-0.0.6.jar:/home/migly/git/RRM_server/modules/rescuecore2/test:/usr/share/ant/lib/junit.jar:/usr/share/java/ant-launcher-1.9.6.jar:/usr/share/ant/lib/ant.jar:/usr/share/ant/lib/ant-junit.jar:/usr/share/ant/lib/ant-junit4.jar" />
    <property name="ant.version" value="Apache Ant(TM) version 1.9.6 compiled on July 20 2018" />
    <property name="sun.java.command" value="org.apache.tools.ant.taskdefs.optional.junit.JUnitTestRunner rescuecore2.connection.ConnectionManagerTest skipNonTests=false filtertrace=true haltOnError=false haltOnFailure=false formatter=org.apache.tools.ant.taskdefs.optional.junit.SummaryJUnitResultFormatter showoutput=false outputtoformatters=true logfailedtests=true threadid=0 logtestlistenerevents=false formatter=org.apache.tools.ant.taskdefs.optional.junit.XMLJUnitResultFormatter,/home/migly/git/RRM_server/build/junit-results/TEST-rescuecore2.connection.ConnectionManagerTest.xml crashfile=/home/migly/git/RRM_server/junitvmwatcher262104313997389787.properties propsfile=/home/migly/git/RRM_server/junit9016279892800068739.properties" />
    <property name="deps" value="rescuecore2,standard,maps,kernel" />
    <property name="modules.ignition.depend" value="rescuecore2,standard" />
    <property name="modules" value="rescuecore2,kernel,standard,sample,handy,human,collapse,misc,resq-fire,ignition,maps,clear,traffic3,gis2" />
    <property name="java.vm.specification.name" value="Java Virtual Machine Specification" />
    <property name="modules.clear.depend" value="rescuecore2,standard" />
    <property name="ant.file.type" value="file" />
    <property name="antcontrib.version" value="1.0b3" />
    <property name="legacy2gml.gmlmap" value="../maps/gml/legacy/Foligno/map.gml" />
    <property name="gis2.randomscenario.dir" value="../maps/gml/legacy/VC" />
    <property name="modules.gis2.depend" value="rescuecore2,standard,maps,kernel" />
    <property name="java.vm.specification.version" value="1.8" />
    <property name="sun.os.patch.level" value="unknown" />
    <property name="sun.cpu.endian" value="little" />
    <property name="handy.compiled" value="true" />
    <property name="sample.compiled" value="true" />
    <property name="java.io.tmpdir" value="/tmp" />
    <property name="java.vendor.url.bug" value="http://bugreport.sun.com/bugreport/" />
    <property name="modules.maps.depend" value="rescuecore2" />
    <property name="modules.human.depend" value="rescuecore2,standard,sample" />
    <property name="java.awt.graphicsenv" value="sun.awt.X11GraphicsEnvironment" />
    <property name="os.arch" value="amd64" />
    <property name="java.ext.dirs" value="/usr/lib/jvm/java-8-oracle/jre/lib/ext:/usr/java/packages/lib/ext" />
    <property name="user.dir" value="/home/migly/git/RRM_server" />
    <property name="gis2.compiled" value="true" />
    <property name="line.separator" value="&#xa;" />
    <property name="human.compiled" value="true" />
    <property name="java.vm.name" value="Java HotSpot(TM) 64-Bit Server VM" />
    <property name="legacy2gml.legacymap" value="../maps/legacy/Foligno/" />
    <property name="basedir" value="/home/migly/git/RRM_server" />
    <property name="ant.java.version" value="1.8" />
    <property name="ant.core.lib" value="/usr/share/ant/lib/ant.jar" />
    <property name="modules.resq-fire.depend" value="rescuecore2,standard" />
    <property name="file.encoding" value="UTF-8" />
    <property name="cobertura.version" value="1.9.2" />
    <property name="modules.misc.depend" value="rescuecore2,standard" />
    <property name="edu.umd.cs.findbugs.FindBugs2.executeReturnCode.1809387d-dcdc-493d-b07c-100532cb3b26" value="1" />
    <property name="kernel.startup.args" value="" />
    <property name="modules.collapse.depend" value="rescuecore2,standard" />
    <property name="java.specification.version" value="1.8" />
    <property name="modules.handy.depend" value="" />
    <property name="ant.project.invoked-targets" value="complete-build" />
    <property name="javadoc.dir" value="/home/migly/git/RRM_server/docs/javadoc" />
    <property name="junit.version" value="4.5" />
    <property name="modules.kernel.depend" value="rescuecore2,handy" />
    <property name="findbugs.output.dir" value="/home/migly/git/RRM_server/build/findbugs-results" />
    <property name="cobertura.instrument.dir" value="/home/migly/git/RRM_server/build/jars-instrumented" />
  </properties>
  <error message="rescuecore2.connection.ConnectionManagerTest" type="java.lang.ClassNotFoundException">java.lang.ClassNotFoundException: rescuecore2.connection.ConnectionManagerTest
	at java.net.URLClassLoader.findClass(URLClassLoader.java:382)
	at java.lang.ClassLoader.loadClass(ClassLoader.java:424)
	at sun.misc.Launcher$AppClassLoader.loadClass(Launcher.java:349)
	at java.lang.ClassLoader.loadClass(ClassLoader.java:357)
	at java.lang.Class.forName0(Native Method)
	at java.lang.Class.forName(Class.java:264)
</error>
  <system-out><![CDATA[]]></system-out>
  <system-err><![CDATA[]]></system-err>
</testsuite>
